<?xml version="1.0" encoding="UTF-8"?>
<!-- Generated by org.testng.reporters.JUnitXMLReporter -->
<testsuite hostname="LAPTOP-IBKUQGTV" ignored="0" name="Test" tests="4" failures="0" timestamp="2020-06-08T11:28:14 IST" time="48.273" errors="0">
  <testcase name="Singlecheckboxform" time="0.306" classname="SeleniumEasy.SinglecheckboxTest"/>
  <testcase name="multiplecheckbox" time="0.376" classname="SeleniumEasy.SinglecheckboxTest"/>
  <testcase name="Additionoftwonumbers" time="1.6" classname="SeleniumEasy.AdditionTest"/>
  <testcase name="Messageverified" time="0.441" classname="SeleniumEasy.AdditionTest"/>
</testsuite> <!-- Test -->
