<?xml version="1.0" encoding="UTF-8"?>
<testng-results skipped="0" failed="0" ignored="0" total="4" passed="4">
  <reporter-output>
  </reporter-output>
  <suite name="Suite" duration-ms="48273" started-at="2020-06-08T11:27:26 IST" finished-at="2020-06-08T11:28:14 IST">
    <groups>
    </groups>
    <test name="Test" duration-ms="48273" started-at="2020-06-08T11:27:26 IST" finished-at="2020-06-08T11:28:14 IST">
      <class name="SeleniumEasy.SinglecheckboxTest">
        <test-method status="PASS" signature="launchbrowser()[pri:0, instance:SeleniumEasy.SinglecheckboxTest@2a5c8d3f]" name="launchbrowser" is-config="true" duration-ms="16592" started-at="2020-06-08T11:27:48 IST" finished-at="2020-06-08T11:28:05 IST">
          <reporter-output>
          </reporter-output>
        </test-method> <!-- launchbrowser -->
        <test-method status="PASS" signature="Singlecheckboxform()[pri:0, instance:SeleniumEasy.SinglecheckboxTest@2a5c8d3f]" name="Singlecheckboxform" duration-ms="306" started-at="2020-06-08T11:28:05 IST" finished-at="2020-06-08T11:28:05 IST">
          <reporter-output>
          </reporter-output>
        </test-method> <!-- Singlecheckboxform -->
        <test-method status="PASS" signature="multiplecheckbox()[pri:0, instance:SeleniumEasy.SinglecheckboxTest@2a5c8d3f]" name="multiplecheckbox" duration-ms="376" started-at="2020-06-08T11:28:05 IST" finished-at="2020-06-08T11:28:05 IST">
          <reporter-output>
          </reporter-output>
        </test-method> <!-- multiplecheckbox -->
        <test-method status="PASS" signature="closebrowser()[pri:0, instance:SeleniumEasy.SinglecheckboxTest@2a5c8d3f]" name="closebrowser" is-config="true" duration-ms="3110" started-at="2020-06-08T11:28:11 IST" finished-at="2020-06-08T11:28:14 IST">
          <reporter-output>
          </reporter-output>
        </test-method> <!-- closebrowser -->
      </class> <!-- SeleniumEasy.SinglecheckboxTest -->
      <class name="SeleniumEasy.AdditionTest">
        <test-method status="PASS" signature="launchbrowser()[pri:0, instance:SeleniumEasy.AdditionTest@752325ad]" name="launchbrowser" is-config="true" duration-ms="22060" started-at="2020-06-08T11:27:26 IST" finished-at="2020-06-08T11:27:48 IST">
          <reporter-output>
          </reporter-output>
        </test-method> <!-- launchbrowser -->
        <test-method status="PASS" signature="Additionoftwonumbers()[pri:0, instance:SeleniumEasy.AdditionTest@752325ad]" name="Additionoftwonumbers" duration-ms="1600" started-at="2020-06-08T11:28:05 IST" finished-at="2020-06-08T11:28:07 IST">
          <reporter-output>
          </reporter-output>
        </test-method> <!-- Additionoftwonumbers -->
        <test-method status="PASS" signature="Messageverified()[pri:0, instance:SeleniumEasy.AdditionTest@752325ad]" name="Messageverified" duration-ms="441" started-at="2020-06-08T11:28:07 IST" finished-at="2020-06-08T11:28:07 IST">
          <reporter-output>
          </reporter-output>
        </test-method> <!-- Messageverified -->
        <test-method status="PASS" signature="closebrowser()[pri:0, instance:SeleniumEasy.AdditionTest@752325ad]" name="closebrowser" is-config="true" duration-ms="3704" started-at="2020-06-08T11:28:07 IST" finished-at="2020-06-08T11:28:11 IST">
          <reporter-output>
          </reporter-output>
        </test-method> <!-- closebrowser -->
      </class> <!-- SeleniumEasy.AdditionTest -->
    </test> <!-- Test -->
  </suite> <!-- Suite -->
</testng-results>
