<?xml version="1.0" encoding="UTF-8"?>
<!-- Generated by org.testng.reporters.JUnitXMLReporter -->
<testsuite hostname="LAPTOP-IBKUQGTV" ignored="0" name="Command line test" tests="4" failures="0" timestamp="2020-06-08T11:18:52 IST" time="0.134" errors="0">
  <testcase name="@BeforeTest launchbrowser" time="0.003" classname="SeleniumEasy.AdditionTest">
    <failure type="java.lang.NullPointerException">
      <![CDATA[java.lang.NullPointerException
at resources.TestBase.browseropen(TestBase.java:35)
at SeleniumEasy.AdditionTest.launchbrowser(AdditionTest.java:29)
... Removed 34 stack frames]]>
    </failure>
  </testcase> <!-- @BeforeTest launchbrowser -->
  <testcase name="@BeforeTest launchbrowser" time="-1.591595332424E9" classname="SeleniumEasy.SinglecheckboxTest">
    <skipped/>
  </testcase> <!-- @BeforeTest launchbrowser -->
  <testcase name="@AfterTest closebrowser" time="-1.591595332545E9" classname="SeleniumEasy.AdditionTest">
    <skipped/>
  </testcase> <!-- @AfterTest closebrowser -->
  <testcase name="@AfterTest closebrowser" time="-1.591595332545E9" classname="SeleniumEasy.SinglecheckboxTest">
    <skipped/>
  </testcase> <!-- @AfterTest closebrowser -->
  <testcase name="Additionoftwonumbers" time="0.0" classname="SeleniumEasy.AdditionTest">
    <skipped/>
  </testcase> <!-- Additionoftwonumbers -->
  <testcase name="Messageverified" time="0.0" classname="SeleniumEasy.AdditionTest">
    <skipped/>
  </testcase> <!-- Messageverified -->
  <testcase name="Singlecheckboxform" time="0.0" classname="SeleniumEasy.SinglecheckboxTest">
    <skipped/>
  </testcase> <!-- Singlecheckboxform -->
  <testcase name="multiplecheckbox" time="0.0" classname="SeleniumEasy.SinglecheckboxTest">
    <skipped/>
  </testcase> <!-- multiplecheckbox -->
</testsuite> <!-- Command line test -->
