<?xml version="1.0" encoding="UTF-8"?>
<!-- Generated by org.testng.reporters.JUnitXMLReporter -->
<testsuite hostname="LAPTOP-IBKUQGTV" ignored="0" name="Test" tests="4" failures="2" timestamp="2020-05-26T10:29:58 IST" time="44.082" errors="0">
  <testcase name="Singlecheckboxform" time="0.179" classname="SeleniumEasy.SinglecheckboxTest">
    <failure type="java.lang.AssertionError" message="expected [true] but found [false]">
      <![CDATA[java.lang.AssertionError: expected [true] but found [false]
at SeleniumEasy.SinglecheckboxTest.Singlecheckboxform(SinglecheckboxTest.java:54)
at java.util.ArrayList.forEach(Unknown Source)
at java.util.concurrent.FutureTask.run(Unknown Source)
at java.util.concurrent.ThreadPoolExecutor.runWorker(Unknown Source)
at java.util.concurrent.ThreadPoolExecutor$Worker.run(Unknown Source)
at java.lang.Thread.run(Unknown Source)
... Removed 22 stack frames]]>
    </failure>
  </testcase> <!-- Singlecheckboxform -->
  <testcase name="multiplecheckbox" time="0.178" classname="SeleniumEasy.SinglecheckboxTest">
    <failure type="java.lang.AssertionError" message="expected [Uncheck All] but found [Check All]">
      <![CDATA[java.lang.AssertionError: expected [Uncheck All] but found [Check All]
at SeleniumEasy.SinglecheckboxTest.multiplecheckbox(SinglecheckboxTest.java:67)
at java.util.ArrayList.forEach(Unknown Source)
at java.util.concurrent.FutureTask.run(Unknown Source)
at java.util.concurrent.ThreadPoolExecutor.runWorker(Unknown Source)
at java.util.concurrent.ThreadPoolExecutor$Worker.run(Unknown Source)
at java.lang.Thread.run(Unknown Source)
... Removed 23 stack frames]]>
    </failure>
  </testcase> <!-- multiplecheckbox -->
  <testcase name="Additionoftwonumbers" time="1.643" classname="SeleniumEasy.AdditionTest"/>
  <testcase name="Messageverified" time="0.492" classname="SeleniumEasy.AdditionTest"/>
</testsuite> <!-- Test -->
