<?xml version="1.0" encoding="UTF-8"?>
<!-- Generated by org.testng.reporters.JUnitXMLReporter -->
<testsuite hostname="LAPTOP-IBKUQGTV" ignored="0" name="Validating Addition" tests="1" failures="0" timestamp="2020-05-25T14:52:11 IST" time="0.011" errors="0">
  <testcase name="@BeforeTest launchbrowser" time="0.001" classname="SeleniumEasy.AdditionTest">
    <failure type="java.lang.NullPointerException">
      <![CDATA[java.lang.NullPointerException
at resources.TestBase.browseropen(TestBase.java:35)
at SeleniumEasy.AdditionTest.launchbrowser(AdditionTest.java:28)
... Removed 24 stack frames]]>
    </failure>
  </testcase> <!-- @BeforeTest launchbrowser -->
  <testcase name="@AfterTest closebrowser" time="-1.590398531082E9" classname="SeleniumEasy.AdditionTest">
    <skipped/>
  </testcase> <!-- @AfterTest closebrowser -->
  <testcase name="Additionoftwonumbers" time="0.0" classname="SeleniumEasy.AdditionTest">
    <skipped/>
  </testcase> <!-- Additionoftwonumbers -->
</testsuite> <!-- Validating Addition -->
