<?xml version="1.0" encoding="UTF-8"?>
<!-- Generated by org.testng.reporters.JUnitXMLReporter -->
<testsuite hostname="LAPTOP-IBKUQGTV" ignored="0" name="Validating MultipleCheckBox" tests="1" failures="0" timestamp="2020-05-25T14:52:11 IST" time="0.028" errors="0">
  <testcase name="@BeforeTest launchbrowser" time="0.001" classname="SeleniumEasy.MultipleCheckBoxTest">
    <failure type="java.lang.NullPointerException">
      <![CDATA[java.lang.NullPointerException
at resources.TestBase.browseropen(TestBase.java:35)
at SeleniumEasy.MultipleCheckBoxTest.launchbrowser(MultipleCheckBoxTest.java:29)
... Removed 24 stack frames]]>
    </failure>
  </testcase> <!-- @BeforeTest launchbrowser -->
  <testcase name="@AfterTest closebrowser" time="-1.590398531048E9" classname="SeleniumEasy.MultipleCheckBoxTest">
    <skipped/>
  </testcase> <!-- @AfterTest closebrowser -->
  <testcase name="multiplecheckbox" time="0.0" classname="SeleniumEasy.MultipleCheckBoxTest">
    <skipped/>
  </testcase> <!-- multiplecheckbox -->
</testsuite> <!-- Validating MultipleCheckBox -->
