<?xml version="1.0" encoding="UTF-8"?>
<!-- Generated by org.testng.reporters.JUnitXMLReporter -->
<testsuite hostname="LAPTOP-IBKUQGTV" ignored="0" name="Validating Messenger" tests="1" failures="0" timestamp="2020-05-25T14:52:10 IST" time="0.036" errors="0">
  <testcase name="@BeforeTest launchbrowser" time="0.001" classname="SeleniumEasy.MessageverifyTest">
    <failure type="java.lang.NullPointerException">
      <![CDATA[java.lang.NullPointerException
at resources.TestBase.browseropen(TestBase.java:35)
at SeleniumEasy.MessageverifyTest.launchbrowser(MessageverifyTest.java:30)
... Removed 24 stack frames]]>
    </failure>
  </testcase> <!-- @BeforeTest launchbrowser -->
  <testcase name="@AfterTest closebrowser" time="-1.590398530961E9" classname="SeleniumEasy.MessageverifyTest">
    <skipped/>
  </testcase> <!-- @AfterTest closebrowser -->
  <testcase name="Messageverification" time="0.0" classname="SeleniumEasy.MessageverifyTest">
    <skipped/>
  </testcase> <!-- Messageverification -->
</testsuite> <!-- Validating Messenger -->
