<?xml version="1.0" encoding="UTF-8"?>
<!-- Generated by org.testng.reporters.JUnitXMLReporter -->
<testsuite hostname="LAPTOP-IBKUQGTV" ignored="0" name="ValidatingSingeleBox" tests="1" failures="0" timestamp="2020-05-25T14:52:10 IST" time="0.102" errors="0">
  <testcase name="@BeforeTest launchbrowser" time="0.012" classname="SeleniumEasy.SinglecheckboxTest">
    <failure type="java.lang.NullPointerException">
      <![CDATA[java.lang.NullPointerException
at resources.TestBase.browseropen(TestBase.java:35)
at SeleniumEasy.SinglecheckboxTest.launchbrowser(SinglecheckboxTest.java:28)
... Removed 24 stack frames]]>
    </failure>
  </testcase> <!-- @BeforeTest launchbrowser -->
  <testcase name="@AfterTest closebrowser" time="-1.590398530281E9" classname="SeleniumEasy.SinglecheckboxTest">
    <skipped/>
  </testcase> <!-- @AfterTest closebrowser -->
  <testcase name="Singlecheckboxform" time="0.0" classname="SeleniumEasy.SinglecheckboxTest">
    <skipped/>
  </testcase> <!-- Singlecheckboxform -->
</testsuite> <!-- ValidatingSingeleBox -->
